#
# There is insufficient memory for the Java Runtime Environment to continue.
# Native memory allocation (mmap) failed to map 130023424 bytes for G1 virtual space
# Possible reasons:
#   The system is out of physical RAM or swap space
#   The process is running with CompressedOops enabled, and the Java Heap may be blocking the growth of the native heap
# Possible solutions:
#   Reduce memory load on the system
#   Increase physical memory or swap space
#   Check if swap backing store is full
#   Decrease Java heap size (-Xmx/-Xms)
#   Decrease number of Java threads
#   Decrease Java thread stack sizes (-Xss)
#   Set larger code cache with -XX:ReservedCodeCacheSize=
#   JVM is running with Unscaled Compressed Oops mode in which the Java heap is
#     placed in the first 4GB address space. The Java Heap base address is the
#     maximum limit for the native heap growth. Please use -XX:HeapBaseMinAddress
#     to set the Java Heap base and to place the Java Heap above 4GB virtual address.
# This output file may be truncated or incomplete.
#
#  Out of Memory Error (os_windows.cpp:3469), pid=22156, tid=16288
#
# JRE version:  (17.0.1+12) (build )
# Java VM: OpenJDK 64-Bit Server VM (17.0.1+12, mixed mode, sharing, tiered, compressed oops, compressed class ptrs, g1 gc, windows-amd64)
# No core dump will be written. Minidumps are not enabled by default on client versions of Windows
#

---------------  S U M M A R Y ------------

Command Line: -Dfile.encoding=Cp1252 -XX:+ShowCodeDetailsInExceptionMessages FriendsBook

Host: 11th Gen Intel(R) Core(TM) i7-1165G7 @ 2.80GHz, 8 cores, 7G,  Windows 10 , 64 bit Build 22000 (10.0.22000.434)
Time: Tue Mar  1 11:34:28 2022 Central Standard Time elapsed time: 0.013669 seconds (0d 0h 0m 0s)

---------------  T H R E A D  ---------------

Current thread (0x000001c07d82f000):  JavaThread "Unknown thread" [_thread_in_vm, id=16288, stack(0x000000078d300000,0x000000078d400000)]

Stack: [0x000000078d300000,0x000000078d400000]
Native frames: (J=compiled Java code, j=interpreted, Vv=VM code, C=native code)
V  [jvm.dll+0x6744da]
V  [jvm.dll+0x82e144]
V  [jvm.dll+0x82f8ee]
V  [jvm.dll+0x82ff53]
V  [jvm.dll+0x245175]
V  [jvm.dll+0x6714c9]
V  [jvm.dll+0x665f92]
V  [jvm.dll+0x303c3b]
V  [jvm.dll+0x30b176]
V  [jvm.dll+0x35af1e]
V  [jvm.dll+0x35b14f]
V  [jvm.dll+0x2dab78]
V  [jvm.dll+0x2dbae4]
V  [jvm.dll+0x7ffdf1]
V  [jvm.dll+0x368c91]
V  [jvm.dll+0x7df2cc]
V  [jvm.dll+0x3eb59f]
V  [jvm.dll+0x3ed121]
C  [jli.dll+0x5277]
C  [ucrtbase.dll+0x26c0c]
C  [KERNEL32.DLL+0x154e0]
C  [ntdll.dll+0x485b]


---------------  P R O C E S S  ---------------

Threads class SMR info:
_java_thread_list=0x00007fffc0114e58, length=0, elements={
}

Java Threads: ( => current thread )

Other Threads:
  0x000001c07d86d020 GCTaskThread "GC Thread#0" [stack: 0x000000078d400000,0x000000078d500000] [id=35300]
  0x000001c07d87de00 ConcurrentGCThread "G1 Main Marker" [stack: 0x000000078d500000,0x000000078d600000] [id=9648]
  0x000001c07d87e720 ConcurrentGCThread "G1 Conc#0" [stack: 0x000000078d600000,0x000000078d700000] [id=22852]

[error occurred during error reporting (printing all threads), id 0xc0000005, EXCEPTION_ACCESS_VIOLATION (0xc0000005) at pc=0x00007fffbf8eb5f7]

VM state: not at safepoint (not fully initialized)

VM Mutex/Monitor currently owned by a thread:  ([mutex/lock_event])
[0x000001c07d82ab20] Heap_lock - owner thread: 0x000001c07d82f000

Heap address: 0x0000000084400000, size: 1980 MB, Compressed Oops mode: 32-bit

CDS archive(s) mapped at: [0x0000000000000000-0x0000000000000000-0x0000000000000000), size 0, SharedBaseAddress: 0x0000000800000000, ArchiveRelocationMode: 0.
Narrow klass base: 0x0000000000000000, Narrow klass shift: 0, Narrow klass range: 0x0

GC Precious Log:
<Empty>

Heap:
 garbage-first heap   total 0K, used 0K [0x0000000084400000, 0x0000000100000000)
  region size 1024K, 0 young (0K), 0 survivors (0K)

[error occurred during error reporting (printing heap information), id 0xc0000005, EXCEPTION_ACCESS_VIOLATION (0xc0000005) at pc=0x00007fffbfccd729]

GC Heap History (0 events):
No events

Deoptimization events (0 events):
No events

Classes unloaded (0 events):
No events

Classes redefined (0 events):
No events

Internal exceptions (0 events):
No events

VM Operations (0 events):
No events

Events (1 events):
Event: 0.011 Loaded shared library C:\Users\krish\.p2\pool\plugins\org.eclipse.justj.openjdk.hotspot.jre.full.win32.x86_64_17.0.1.v20211116-1657\jre\bin\java.dll


Dynamic libraries:
0x00007ff69e4a0000 - 0x00007ff69e4ae000 	C:\Users\krish\.p2\pool\plugins\org.eclipse.justj.openjdk.hotspot.jre.full.win32.x86_64_17.0.1.v20211116-1657\jre\bin\javaw.exe
0x00007ff874840000 - 0x00007ff874a49000 	C:\WINDOWS\SYSTEM32\ntdll.dll
0x00007ff873db0000 - 0x00007ff873e6d000 	C:\WINDOWS\System32\KERNEL32.DLL
0x00007ff871da0000 - 0x00007ff872114000 	C:\WINDOWS\System32\KERNELBASE.dll
0x00007ff8722f0000 - 0x00007ff872401000 	C:\WINDOWS\System32\ucrtbase.dll
0x00007ff864220000 - 0x00007ff864238000 	C:\Users\krish\.p2\pool\plugins\org.eclipse.justj.openjdk.hotspot.jre.full.win32.x86_64_17.0.1.v20211116-1657\jre\bin\jli.dll
0x00007ff863f30000 - 0x00007ff863f49000 	C:\Users\krish\.p2\pool\plugins\org.eclipse.justj.openjdk.hotspot.jre.full.win32.x86_64_17.0.1.v20211116-1657\jre\bin\VCRUNTIME140.dll
0x00007ff8738c0000 - 0x00007ff873a6c000 	C:\WINDOWS\System32\USER32.dll
0x00007ff85c5d0000 - 0x00007ff85c875000 	C:\WINDOWS\WinSxS\amd64_microsoft.windows.common-controls_6595b64144ccf1df_6.0.22000.120_none_9d947278b86cc467\COMCTL32.dll
0x00007ff872120000 - 0x00007ff872146000 	C:\WINDOWS\System32\win32u.dll
0x00007ff873810000 - 0x00007ff8738b3000 	C:\WINDOWS\System32\msvcrt.dll
0x00007ff872df0000 - 0x00007ff872e19000 	C:\WINDOWS\System32\GDI32.dll
0x00007ff872150000 - 0x00007ff872262000 	C:\WINDOWS\System32\gdi32full.dll
0x00007ff8724d0000 - 0x00007ff87256d000 	C:\WINDOWS\System32\msvcp_win.dll
0x00007ff873b00000 - 0x00007ff873b31000 	C:\WINDOWS\System32\IMM32.DLL
0x00007ff867940000 - 0x00007ff86794c000 	C:\Users\krish\.p2\pool\plugins\org.eclipse.justj.openjdk.hotspot.jre.full.win32.x86_64_17.0.1.v20211116-1657\jre\bin\vcruntime140_1.dll
0x00007ff84ee30000 - 0x00007ff84eec1000 	C:\Users\krish\.p2\pool\plugins\org.eclipse.justj.openjdk.hotspot.jre.full.win32.x86_64_17.0.1.v20211116-1657\jre\bin\msvcp140.dll
0x00007fffbf600000 - 0x00007fffc0246000 	C:\Users\krish\.p2\pool\plugins\org.eclipse.justj.openjdk.hotspot.jre.full.win32.x86_64_17.0.1.v20211116-1657\jre\bin\server\jvm.dll
0x00007ff873610000 - 0x00007ff8736be000 	C:\WINDOWS\System32\ADVAPI32.dll
0x00007ff8729d0000 - 0x00007ff872a6e000 	C:\WINDOWS\System32\sechost.dll
0x00007ff873b40000 - 0x00007ff873c60000 	C:\WINDOWS\System32\RPCRT4.dll
0x00007ff872f10000 - 0x00007ff872f18000 	C:\WINDOWS\System32\PSAPI.DLL
0x00007ff86c320000 - 0x00007ff86c353000 	C:\WINDOWS\SYSTEM32\WINMM.dll
0x00007ff867270000 - 0x00007ff86727a000 	C:\WINDOWS\SYSTEM32\VERSION.dll
0x00007ff8673e0000 - 0x00007ff8673e9000 	C:\WINDOWS\SYSTEM32\WSOCK32.dll
0x00007ff873d40000 - 0x00007ff873daf000 	C:\WINDOWS\System32\WS2_32.dll
0x00007ff870f20000 - 0x00007ff870f38000 	C:\WINDOWS\SYSTEM32\kernel.appcore.dll
0x00007ff867960000 - 0x00007ff86796a000 	C:\Users\krish\.p2\pool\plugins\org.eclipse.justj.openjdk.hotspot.jre.full.win32.x86_64_17.0.1.v20211116-1657\jre\bin\jimage.dll
0x00007ff86f440000 - 0x00007ff86f661000 	C:\WINDOWS\SYSTEM32\DBGHELP.DLL
0x00007ff867750000 - 0x00007ff867781000 	C:\WINDOWS\SYSTEM32\dbgcore.DLL
0x00007ff872270000 - 0x00007ff8722ef000 	C:\WINDOWS\System32\bcryptPrimitives.dll
0x00007ff8674f0000 - 0x00007ff867515000 	C:\Users\krish\.p2\pool\plugins\org.eclipse.justj.openjdk.hotspot.jre.full.win32.x86_64_17.0.1.v20211116-1657\jre\bin\java.dll

dbghelp: loaded successfully - version: 4.0.5 - missing functions: none
symbol engine: initialized successfully - sym options: 0x614 - pdb path: .;C:\Users\krish\.p2\pool\plugins\org.eclipse.justj.openjdk.hotspot.jre.full.win32.x86_64_17.0.1.v20211116-1657\jre\bin;C:\WINDOWS\SYSTEM32;C:\WINDOWS\WinSxS\amd64_microsoft.windows.common-controls_6595b64144ccf1df_6.0.22000.120_none_9d947278b86cc467;C:\Users\krish\.p2\pool\plugins\org.eclipse.justj.openjdk.hotspot.jre.full.win32.x86_64_17.0.1.v20211116-1657\jre\bin\server

VM Arguments:
jvm_args: -Dfile.encoding=Cp1252 -XX:+ShowCodeDetailsInExceptionMessages 
java_command: FriendsBook
java_class_path (initial): C:\Users\krish\eclipse-workspace\FriendsBook_KrishaShah\bin;C:\Users\krish\Downloads\mysql-connector-java-5.1.48.jar
Launcher Type: SUN_STANDARD

[Global flags]
     intx CICompilerCount                          = 4                                         {product} {ergonomic}
     uint ConcGCThreads                            = 2                                         {product} {ergonomic}
     uint G1ConcRefinementThreads                  = 8                                         {product} {ergonomic}
   size_t G1HeapRegionSize                         = 1048576                                   {product} {ergonomic}
    uintx GCDrainStackTargetSize                   = 64                                        {product} {ergonomic}
   size_t InitialHeapSize                          = 130023424                                 {product} {ergonomic}
   size_t MarkStackSize                            = 4194304                                   {product} {ergonomic}
   size_t MaxHeapSize                              = 2076180480                                {product} {ergonomic}
   size_t MinHeapDeltaBytes                        = 1048576                                   {product} {ergonomic}
   size_t MinHeapSize                              = 8388608                                   {product} {ergonomic}
    uintx NonNMethodCodeHeapSize                   = 5839372                                {pd product} {ergonomic}
    uintx NonProfiledCodeHeapSize                  = 122909434                              {pd product} {ergonomic}
    uintx ProfiledCodeHeapSize                     = 122909434                              {pd product} {ergonomic}
    uintx ReservedCodeCacheSize                    = 251658240                              {pd product} {ergonomic}
     bool SegmentedCodeCache                       = true                                      {product} {ergonomic}
     bool ShowCodeDetailsInExceptionMessages       = true                                   {manageable} {command line}
   size_t SoftMaxHeapSize                          = 2076180480                             {manageable} {ergonomic}
     bool UseCompressedClassPointers               = true                           {product lp64_product} {ergonomic}
     bool UseCompressedOops                        = true                           {product lp64_product} {ergonomic}
     bool UseG1GC                                  = true                                      {product} {ergonomic}
     bool UseLargePagesIndividualAllocation        = false                                  {pd product} {ergonomic}

Logging:
Log output configuration:
 #0: stdout all=warning uptime,level,tags
 #1: stderr all=off uptime,level,tags

Environment Variables:
PATH=C:/Users/krish/.p2/pool/plugins/org.eclipse.justj.openjdk.hotspot.jre.full.win32.x86_64_17.0.1.v20211116-1657/jre/bin/server;C:/Users/krish/.p2/pool/plugins/org.eclipse.justj.openjdk.hotspot.jre.full.win32.x86_64_17.0.1.v20211116-1657/jre/bin;C:\Users\krish\Downloads\WINDOWS.X64_193000_db_home\bin;C:\WINDOWS\system32;C:\WINDOWS;C:\WINDOWS\System32\Wbem;C:\WINDOWS\System32\WindowsPowerShell\v1.0\;C:\WINDOWS\System32\OpenSSH\;C:\Program Files\dotnet\;C:\Program Files\Git\cmd;C:\Users\krish\AppData\Local\Microsoft\WindowsApps;C:\Users\krish\.dotnet\tools;;C:\WINDOWS\system32;
USERNAME=krish
OS=Windows_NT
PROCESSOR_IDENTIFIER=Intel64 Family 6 Model 140 Stepping 1, GenuineIntel



---------------  S Y S T E M  ---------------

OS:
 Windows 10 , 64 bit Build 22000 (10.0.22000.434)
OS uptime: 14 days 20:14 hours

CPU: total 8 (initial active 8) (4 cores per cpu, 2 threads per core) family 6 model 140 stepping 1 microcode 0x9a, cx8, cmov, fxsr, ht, mmx, 3dnowpref, sse, sse2, sse3, ssse3, sse4.1, sse4.2, popcnt, lzcnt, tsc, tscinvbit, avx, avx2, aes, erms, clmul, bmi1, bmi2, adx, avx512f, avx512dq, avx512cd, avx512bw, avx512vl, sha, fma, vzeroupper, avx512_vpopcntdq, avx512_vpclmulqdq, avx512_vaes, avx512_vnni, clflush, clflushopt, clwb, avx512_vbmi2, avx512_vbmi

Memory: 4k page, system-wide physical 7914M (863M free)
TotalPageFile size 32490M (AvailPageFile size 24M)
current process WorkingSet (physical memory assigned to process): 10M, peak: 10M
current process commit charge ("private bytes"): 59M, peak: 183M

vm_info: OpenJDK 64-Bit Server VM (17.0.1+12) for windows-amd64 JRE (17.0.1+12), built on Oct 20 2021 07:42:55 by "" with MS VC++ 16.7 (VS2019)

END.
